# JRE version: OpenJDK Runtime Environment Microsoft-8035250 (11.0.20+8) (build 11.0.20+8-LTS)
# Java VM: OpenJDK 64-Bit Server VM Microsoft-8035250 (11.0.20+8-LTS, mixed mode, tiered, compressed oops, g1 gc, windows-amd64)
Heap:
 garbage-first heap   total 118784K, used 75847K [0x0000000080000000, 0x0000000100000000)
  region size 1024K, 26 young (26624K), 3 survivors (3072K)
 Metaspace       used 69407K, capacity 71517K, committed 71760K, reserved 579584K
  class space    used 9015K, capacity 9898K, committed 9984K, reserved 516096K
GC Heap History (20 events):
Event: 22.937 GC heap before
{Heap before GC invocations=8 (full 0):
 garbage-first heap   total 118784K, used 56645K [0x0000000080000000, 0x0000000100000000)
  region size 1024K, 40 young (40960K), 5 survivors (5120K)
 Metaspace       used 34950K, capacity 35825K, committed 35920K, reserved 548864K
  class space    used 4451K, capacity 4814K, committed 4864K, reserved 516096K
}
Event: 22.983 GC heap after
{Heap after GC invocations=9 (full 0):
 garbage-first heap   total 118784K, used 24212K [0x0000000080000000, 0x0000000100000000)
  region size 1024K, 6 young (6144K), 6 survivors (6144K)
 Metaspace       used 34950K, capacity 35825K, committed 35920K, reserved 548864K
  class space    used 4451K, capacity 4814K, committed 4864K, reserved 516096K
}
Event: 30.021 GC heap before
{Heap before GC invocations=10 (full 0):
 garbage-first heap   total 118784K, used 85652K [0x0000000080000000, 0x0000000100000000)
  region size 1024K, 63 young (64512K), 6 survivors (6144K)
 Metaspace       used 40929K, capacity 42022K, committed 42320K, reserved 552960K
  class space    used 5124K, capacity 5531K, committed 5632K, reserved 516096K
}
Event: 30.104 GC heap after
{Heap after GC invocations=11 (full 0):
 garbage-first heap   total 118784K, used 29236K [0x0000000080000000, 0x0000000100000000)
  region size 1024K, 8 young (8192K), 8 survivors (8192K)
 Metaspace       used 40929K, capacity 42022K, committed 42320K, reserved 552960K
  class space    used 5124K, capacity 5531K, committed 5632K, reserved 516096K
}
Event: 78.329 GC heap before
{Heap before GC invocations=12 (full 0):
 garbage-first heap   total 118784K, used 85556K [0x0000000080000000, 0x0000000100000000)
  region size 1024K, 63 young (64512K), 8 survivors (8192K)
 Metaspace       used 44564K, capacity 45786K, committed 45904K, reserved 557056K
  class space    used 5569K, capacity 6067K, committed 6144K, reserved 516096K
}
Event: 78.354 GC heap after
{Heap after GC invocations=13 (full 0):
 garbage-first heap   total 118784K, used 32056K [0x0000000080000000, 0x0000000100000000)
  region size 1024K, 4 young (4096K), 4 survivors (4096K)
 Metaspace       used 44564K, capacity 45786K, committed 45904K, reserved 557056K
  class space    used 5569K, capacity 6067K, committed 6144K, reserved 516096K
}
Event: 84.258 GC heap before
{Heap before GC invocations=13 (full 0):
 garbage-first heap   total 118784K, used 89400K [0x0000000080000000, 0x0000000100000000)
  region size 1024K, 60 young (61440K), 4 survivors (4096K)
 Metaspace       used 49018K, capacity 50373K, committed 50512K, reserved 561152K
  class space    used 6268K, capacity 6797K, committed 6912K, reserved 516096K
}
Event: 84.275 GC heap after
{Heap after GC invocations=14 (full 0):
 garbage-first heap   total 118784K, used 34473K [0x0000000080000000, 0x0000000100000000)
  region size 1024K, 6 young (6144K), 6 survivors (6144K)
 Metaspace       used 49018K, capacity 50373K, committed 50512K, reserved 561152K
  class space    used 6268K, capacity 6797K, committed 6912K, reserved 516096K
}
Event: 88.594 GC heap before
{Heap before GC invocations=14 (full 0):
 garbage-first heap   total 118784K, used 97961K [0x0000000080000000, 0x0000000100000000)
  region size 1024K, 62 young (63488K), 6 survivors (6144K)
 Metaspace       used 52719K, capacity 54321K, committed 54352K, reserved 563200K
  class space    used 6750K, capacity 7412K, committed 7424K, reserved 516096K
}
Event: 88.615 GC heap after
{Heap after GC invocations=15 (full 0):
 garbage-first heap   total 118784K, used 44482K [0x0000000080000000, 0x0000000100000000)
  region size 1024K, 7 young (7168K), 7 survivors (7168K)
 Metaspace       used 52719K, capacity 54321K, committed 54352K, reserved 563200K
  class space    used 6750K, capacity 7412K, committed 7424K, reserved 516096K
}
Event: 93.082 GC heap before
{Heap before GC invocations=15 (full 0):
 garbage-first heap   total 118784K, used 93634K [0x0000000080000000, 0x0000000100000000)
  region size 1024K, 55 young (56320K), 7 survivors (7168K)
 Metaspace       used 58248K, capacity 60038K, committed 60112K, reserved 569344K
  class space    used 7539K, capacity 8276K, committed 8320K, reserved 516096K
}
Event: 93.104 GC heap after
{Heap after GC invocations=16 (full 0):
 garbage-first heap   total 118784K, used 46489K [0x0000000080000000, 0x0000000100000000)
  region size 1024K, 3 young (3072K), 3 survivors (3072K)
 Metaspace       used 58248K, capacity 60038K, committed 60112K, reserved 569344K
  class space    used 7539K, capacity 8276K, committed 8320K, reserved 516096K
}
Event: 96.042 GC heap before
{Heap before GC invocations=16 (full 0):
 garbage-first heap   total 118784K, used 93593K [0x0000000080000000, 0x0000000100000000)
  region size 1024K, 49 young (50176K), 3 survivors (3072K)
 Metaspace       used 61822K, capacity 63666K, committed 63696K, reserved 571392K
  class space    used 8033K, capacity 8802K, committed 8832K, reserved 516096K
}
Event: 96.054 GC heap after
{Heap after GC invocations=17 (full 0):
 garbage-first heap   total 118784K, used 47958K [0x0000000080000000, 0x0000000100000000)
  region size 1024K, 4 young (4096K), 4 survivors (4096K)
 Metaspace       used 61822K, capacity 63666K, committed 63696K, reserved 571392K
  class space    used 8033K, capacity 8802K, committed 8832K, reserved 516096K
}
Event: 98.664 GC heap before
{Heap before GC invocations=17 (full 0):
 garbage-first heap   total 118784K, used 96086K [0x0000000080000000, 0x0000000100000000)
  region size 1024K, 51 young (52224K), 4 survivors (4096K)
 Metaspace       used 65198K, capacity 67050K, committed 67152K, reserved 575488K
  class space    used 8404K, capacity 9174K, committed 9216K, reserved 516096K
}
Event: 98.681 GC heap after
{Heap after GC invocations=18 (full 0):
 garbage-first heap   total 118784K, used 50796K [0x0000000080000000, 0x0000000100000000)
  region size 1024K, 5 young (5120K), 5 survivors (5120K)
 Metaspace       used 65198K, capacity 67050K, committed 67152K, reserved 575488K
  class space    used 8404K, capacity 9174K, committed 9216K, reserved 516096K
}
Event: 102.145 GC heap before
{Heap before GC invocations=18 (full 0):
 garbage-first heap   total 118784K, used 95852K [0x0000000080000000, 0x0000000100000000)
  region size 1024K, 49 young (50176K), 5 survivors (5120K)
 Metaspace       used 67922K, capacity 70039K, committed 70224K, reserved 577536K
  class space    used 8832K, capacity 9676K, committed 9728K, reserved 516096K
}
Event: 102.164 GC heap after
{Heap after GC invocations=19 (full 0):
 garbage-first heap   total 118784K, used 52881K [0x0000000080000000, 0x0000000100000000)
  region size 1024K, 5 young (5120K), 5 survivors (5120K)
 Metaspace       used 67922K, capacity 70039K, committed 70224K, reserved 577536K
  class space    used 8832K, capacity 9676K, committed 9728K, reserved 516096K
}
Event: 103.150 GC heap before
{Heap before GC invocations=19 (full 0):
 garbage-first heap   total 118784K, used 56977K [0x0000000080000000, 0x0000000100000000)
  region size 1024K, 10 young (10240K), 5 survivors (5120K)
 Metaspace       used 68225K, capacity 70271K, committed 70480K, reserved 577536K
  class space    used 8878K, capacity 9710K, committed 9728K, reserved 516096K
}
Event: 103.168 GC heap after
{Heap after GC invocations=20 (full 0):
 garbage-first heap   total 118784K, used 53319K [0x0000000080000000, 0x0000000100000000)
  region size 1024K, 3 young (3072K), 3 survivors (3072K)
 Metaspace       used 68225K, capacity 70271K, committed 70480K, reserved 577536K
  class space    used 8878K, capacity 9710K, committed 9728K, reserved 516096K
}

