# JRE version: OpenJDK Runtime Environment Microsoft-8035250 (11.0.20+8) (build 11.0.20+8-LTS)
# Java VM: OpenJDK 64-Bit Server VM Microsoft-8035250 (11.0.20+8-LTS, mixed mode, tiered, compressed oops, g1 gc, windows-amd64)
Heap:
 garbage-first heap   total 118784K, used 73049K [0x0000000080000000, 0x0000000100000000)
  region size 1024K, 17 young (17408K), 3 survivors (3072K)
 Metaspace       used 76723K, capacity 79398K, committed 79568K, reserved 585728K
  class space    used 10049K, capacity 11111K, committed 11212K, reserved 516096K
GC Heap History (20 events):
Event: 194.061 GC heap before
{Heap before GC invocations=13 (full 0):
 garbage-first heap   total 118784K, used 85826K [0x0000000080000000, 0x0000000100000000)
  region size 1024K, 56 young (57344K), 4 survivors (4096K)
 Metaspace       used 48044K, capacity 49441K, committed 49564K, reserved 559104K
  class space    used 6071K, capacity 6610K, committed 6732K, reserved 516096K
}
Event: 194.076 GC heap after
{Heap after GC invocations=14 (full 0):
 garbage-first heap   total 118784K, used 34478K [0x0000000080000000, 0x0000000100000000)
  region size 1024K, 6 young (6144K), 6 survivors (6144K)
 Metaspace       used 48044K, capacity 49441K, committed 49564K, reserved 559104K
  class space    used 6071K, capacity 6610K, committed 6732K, reserved 516096K
}
Event: 195.411 GC heap before
{Heap before GC invocations=14 (full 0):
 garbage-first heap   total 118784K, used 87726K [0x0000000080000000, 0x0000000100000000)
  region size 1024K, 58 young (59392K), 6 survivors (6144K)
 Metaspace       used 52058K, capacity 53597K, committed 53660K, reserved 563200K
  class space    used 6639K, capacity 7223K, committed 7244K, reserved 516096K
}
Event: 195.431 GC heap after
{Heap after GC invocations=15 (full 0):
 garbage-first heap   total 118784K, used 36406K [0x0000000080000000, 0x0000000100000000)
  region size 1024K, 5 young (5120K), 5 survivors (5120K)
 Metaspace       used 52058K, capacity 53597K, committed 53660K, reserved 563200K
  class space    used 6639K, capacity 7223K, committed 7244K, reserved 516096K
}
Event: 197.313 GC heap before
{Heap before GC invocations=15 (full 0):
 garbage-first heap   total 118784K, used 94774K [0x0000000080000000, 0x0000000100000000)
  region size 1024K, 57 young (58368K), 5 survivors (5120K)
 Metaspace       used 57121K, capacity 58867K, committed 59164K, reserved 567296K
  class space    used 7327K, capacity 8020K, committed 8140K, reserved 516096K
}
Event: 197.336 GC heap after
{Heap after GC invocations=16 (full 0):
 garbage-first heap   total 118784K, used 46683K [0x0000000080000000, 0x0000000100000000)
  region size 1024K, 8 young (8192K), 8 survivors (8192K)
 Metaspace       used 57121K, capacity 58867K, committed 59164K, reserved 567296K
  class space    used 7327K, capacity 8020K, committed 8140K, reserved 516096K
}
Event: 198.744 GC heap before
{Heap before GC invocations=16 (full 0):
 garbage-first heap   total 118784K, used 93787K [0x0000000080000000, 0x0000000100000000)
  region size 1024K, 54 young (55296K), 8 survivors (8192K)
 Metaspace       used 61035K, capacity 62981K, committed 63132K, reserved 571392K
  class space    used 7889K, capacity 8669K, committed 8780K, reserved 516096K
}
Event: 198.766 GC heap after
{Heap after GC invocations=17 (full 0):
 garbage-first heap   total 118784K, used 48834K [0x0000000080000000, 0x0000000100000000)
  region size 1024K, 3 young (3072K), 3 survivors (3072K)
 Metaspace       used 61035K, capacity 62981K, committed 63132K, reserved 571392K
  class space    used 7889K, capacity 8669K, committed 8780K, reserved 516096K
}
Event: 199.569 GC heap before
{Heap before GC invocations=17 (full 0):
 garbage-first heap   total 118784K, used 94914K [0x0000000080000000, 0x0000000100000000)
  region size 1024K, 48 young (49152K), 3 survivors (3072K)
 Metaspace       used 64477K, capacity 66437K, committed 66588K, reserved 575488K
  class space    used 8327K, capacity 9117K, committed 9164K, reserved 516096K
}
Event: 199.579 GC heap after
{Heap after GC invocations=18 (full 0):
 garbage-first heap   total 118784K, used 49998K [0x0000000080000000, 0x0000000100000000)
  region size 1024K, 4 young (4096K), 4 survivors (4096K)
 Metaspace       used 64477K, capacity 66437K, committed 66588K, reserved 575488K
  class space    used 8327K, capacity 9117K, committed 9164K, reserved 516096K
}
Event: 200.845 GC heap before
{Heap before GC invocations=18 (full 0):
 garbage-first heap   total 118784K, used 95054K [0x0000000080000000, 0x0000000100000000)
  region size 1024K, 49 young (50176K), 4 survivors (4096K)
 Metaspace       used 67702K, capacity 69713K, committed 69788K, reserved 577536K
  class space    used 8748K, capacity 9538K, committed 9548K, reserved 516096K
}
Event: 200.860 GC heap after
{Heap after GC invocations=19 (full 0):
 garbage-first heap   total 118784K, used 52616K [0x0000000080000000, 0x0000000100000000)
  region size 1024K, 6 young (6144K), 6 survivors (6144K)
 Metaspace       used 67702K, capacity 69713K, committed 69788K, reserved 577536K
  class space    used 8748K, capacity 9538K, committed 9548K, reserved 516096K
}
Event: 200.983 GC heap before
{Heap before GC invocations=19 (full 0):
 garbage-first heap   total 118784K, used 61832K [0x0000000080000000, 0x0000000100000000)
  region size 1024K, 16 young (16384K), 6 survivors (6144K)
 Metaspace       used 67765K, capacity 69748K, committed 69916K, reserved 577536K
  class space    used 8755K, capacity 9571K, committed 9676K, reserved 516096K
}
Event: 201.003 GC heap after
{Heap after GC invocations=20 (full 0):
 garbage-first heap   total 118784K, used 53430K [0x0000000080000000, 0x0000000100000000)
  region size 1024K, 4 young (4096K), 4 survivors (4096K)
 Metaspace       used 67765K, capacity 69748K, committed 69916K, reserved 577536K
  class space    used 8755K, capacity 9571K, committed 9676K, reserved 516096K
}
Event: 202.405 GC heap before
{Heap before GC invocations=21 (full 0):
 garbage-first heap   total 118784K, used 84150K [0x0000000080000000, 0x0000000100000000)
  region size 1024K, 34 young (34816K), 4 survivors (4096K)
 Metaspace       used 69469K, capacity 71646K, committed 71888K, reserved 579584K
  class space    used 9003K, capacity 9853K, committed 9932K, reserved 516096K
}
Event: 202.423 GC heap after
{Heap after GC invocations=22 (full 0):
 garbage-first heap   total 118784K, used 55561K [0x0000000080000000, 0x0000000100000000)
  region size 1024K, 3 young (3072K), 3 survivors (3072K)
 Metaspace       used 69469K, capacity 71646K, committed 71888K, reserved 579584K
  class space    used 9003K, capacity 9853K, committed 9932K, reserved 516096K
}
Event: 203.677 GC heap before
{Heap before GC invocations=22 (full 0):
 garbage-first heap   total 118784K, used 87305K [0x0000000080000000, 0x0000000100000000)
  region size 1024K, 34 young (34816K), 3 survivors (3072K)
 Metaspace       used 71938K, capacity 74191K, committed 74320K, reserved 581632K
  class space    used 9362K, capacity 10265K, committed 10316K, reserved 516096K
}
Event: 203.697 GC heap after
{Heap after GC invocations=23 (full 0):
 garbage-first heap   total 118784K, used 58232K [0x0000000080000000, 0x0000000100000000)
  region size 1024K, 5 young (5120K), 5 survivors (5120K)
 Metaspace       used 71938K, capacity 74191K, committed 74320K, reserved 581632K
  class space    used 9362K, capacity 10265K, committed 10316K, reserved 516096K
}
Event: 204.826 GC heap before
{Heap before GC invocations=23 (full 0):
 garbage-first heap   total 118784K, used 88952K [0x0000000080000000, 0x0000000100000000)
  region size 1024K, 36 young (36864K), 5 survivors (5120K)
 Metaspace       used 74356K, capacity 76850K, committed 77008K, reserved 583680K
  class space    used 9664K, capacity 10643K, committed 10700K, reserved 516096K
}
Event: 204.852 GC heap after
{Heap after GC invocations=24 (full 0):
 garbage-first heap   total 118784K, used 60761K [0x0000000080000000, 0x0000000100000000)
  region size 1024K, 3 young (3072K), 3 survivors (3072K)
 Metaspace       used 74356K, capacity 76850K, committed 77008K, reserved 583680K
  class space    used 9664K, capacity 10643K, committed 10700K, reserved 516096K
}

