# JRE version: OpenJDK Runtime Environment Microsoft-8035250 (11.0.20+8) (build 11.0.20+8-LTS)
# Java VM: OpenJDK 64-Bit Server VM Microsoft-8035250 (11.0.20+8-LTS, mixed mode, tiered, compressed oops, g1 gc, windows-amd64)
Heap:
 garbage-first heap   total 151552K, used 98463K [0x00000000a1c00000, 0x0000000100000000)
  region size 1024K, 44 young (45056K), 5 survivors (5120K)
 Metaspace       used 63476K, capacity 64345K, committed 64512K, reserved 1105920K
  class space    used 7066K, capacity 7395K, committed 7424K, reserved 1048576K
GC Heap History (20 events):
Event: 3.343 GC heap before
{Heap before GC invocations=1 (full 0):
 garbage-first heap   total 98304K, used 52374K [0x00000000a1c00000, 0x0000000100000000)
  region size 1024K, 48 young (49152K), 2 survivors (2048K)
 Metaspace       used 20912K, capacity 21171K, committed 21248K, reserved 1069056K
  class space    used 2184K, capacity 2269K, committed 2304K, reserved 1048576K
}
Event: 3.376 GC heap after
{Heap after GC invocations=2 (full 0):
 garbage-first heap   total 98304K, used 11188K [0x00000000a1c00000, 0x0000000100000000)
  region size 1024K, 7 young (7168K), 7 survivors (7168K)
 Metaspace       used 20912K, capacity 21171K, committed 21248K, reserved 1069056K
  class space    used 2184K, capacity 2269K, committed 2304K, reserved 1048576K
}
Event: 5.459 GC heap before
{Heap before GC invocations=3 (full 0):
 garbage-first heap   total 98304K, used 60340K [0x00000000a1c00000, 0x0000000100000000)
  region size 1024K, 45 young (46080K), 7 survivors (7168K)
 Metaspace       used 31840K, capacity 32412K, committed 32768K, reserved 1077248K
  class space    used 3754K, capacity 3973K, committed 4096K, reserved 1048576K
}
Event: 5.496 GC heap after
{Heap after GC invocations=4 (full 0):
 garbage-first heap   total 98304K, used 25059K [0x00000000a1c00000, 0x0000000100000000)
  region size 1024K, 4 young (4096K), 4 survivors (4096K)
 Metaspace       used 31840K, capacity 32412K, committed 32768K, reserved 1077248K
  class space    used 3754K, capacity 3973K, committed 4096K, reserved 1048576K
}
Event: 6.458 GC heap before
{Heap before GC invocations=4 (full 0):
 garbage-first heap   total 98304K, used 67043K [0x00000000a1c00000, 0x0000000100000000)
  region size 1024K, 45 young (46080K), 4 survivors (4096K)
 Metaspace       used 32277K, capacity 32904K, committed 33280K, reserved 1079296K
  class space    used 3781K, capacity 4008K, committed 4096K, reserved 1048576K
}
Event: 6.530 GC heap after
{Heap after GC invocations=5 (full 0):
 garbage-first heap   total 98304K, used 29696K [0x00000000a1c00000, 0x0000000100000000)
  region size 1024K, 6 young (6144K), 6 survivors (6144K)
 Metaspace       used 32277K, capacity 32904K, committed 33280K, reserved 1079296K
  class space    used 3781K, capacity 4008K, committed 4096K, reserved 1048576K
}
Event: 6.688 GC heap before
{Heap before GC invocations=5 (full 0):
 garbage-first heap   total 98304K, used 33792K [0x00000000a1c00000, 0x0000000100000000)
  region size 1024K, 10 young (10240K), 6 survivors (6144K)
 Metaspace       used 32548K, capacity 33099K, committed 33280K, reserved 1079296K
  class space    used 3800K, capacity 4008K, committed 4096K, reserved 1048576K
}
Event: 6.724 GC heap after
{Heap after GC invocations=6 (full 0):
 garbage-first heap   total 125952K, used 31232K [0x00000000a1c00000, 0x0000000100000000)
  region size 1024K, 1 young (1024K), 1 survivors (1024K)
 Metaspace       used 32548K, capacity 33099K, committed 33280K, reserved 1079296K
  class space    used 3800K, capacity 4008K, committed 4096K, reserved 1048576K
}
Event: 7.445 GC heap before
{Heap before GC invocations=6 (full 0):
 garbage-first heap   total 125952K, used 41472K [0x00000000a1c00000, 0x0000000100000000)
  region size 1024K, 12 young (12288K), 1 survivors (1024K)
 Metaspace       used 35142K, capacity 35692K, committed 35840K, reserved 1081344K
  class space    used 4238K, capacity 4463K, committed 4480K, reserved 1048576K
}
Event: 7.452 GC heap after
{Heap after GC invocations=7 (full 0):
 garbage-first heap   total 125952K, used 30972K [0x00000000a1c00000, 0x0000000100000000)
  region size 1024K, 1 young (1024K), 1 survivors (1024K)
 Metaspace       used 35142K, capacity 35692K, committed 35840K, reserved 1081344K
  class space    used 4238K, capacity 4463K, committed 4480K, reserved 1048576K
}
Event: 9.883 GC heap before
{Heap before GC invocations=8 (full 0):
 garbage-first heap   total 125952K, used 77052K [0x00000000a1c00000, 0x0000000100000000)
  region size 1024K, 40 young (40960K), 1 survivors (1024K)
 Metaspace       used 42389K, capacity 42961K, committed 43136K, reserved 1087488K
  class space    used 5011K, capacity 5216K, committed 5248K, reserved 1048576K
}
Event: 9.913 GC heap after
{Heap after GC invocations=9 (full 0):
 garbage-first heap   total 125952K, used 44672K [0x00000000a1c00000, 0x0000000100000000)
  region size 1024K, 5 young (5120K), 5 survivors (5120K)
 Metaspace       used 42389K, capacity 42961K, committed 43136K, reserved 1087488K
  class space    used 5011K, capacity 5216K, committed 5248K, reserved 1048576K
}
Event: 11.898 GC heap before
{Heap before GC invocations=9 (full 0):
 garbage-first heap   total 125952K, used 81536K [0x00000000a1c00000, 0x0000000100000000)
  region size 1024K, 41 young (41984K), 5 survivors (5120K)
 Metaspace       used 49472K, capacity 50168K, committed 50432K, reserved 1093632K
  class space    used 5765K, capacity 6038K, committed 6144K, reserved 1048576K
}
Event: 11.931 GC heap after
{Heap after GC invocations=10 (full 0):
 garbage-first heap   total 125952K, used 48560K [0x00000000a1c00000, 0x0000000100000000)
  region size 1024K, 4 young (4096K), 4 survivors (4096K)
 Metaspace       used 49472K, capacity 50168K, committed 50432K, reserved 1093632K
  class space    used 5765K, capacity 6038K, committed 6144K, reserved 1048576K
}
Event: 12.991 GC heap before
{Heap before GC invocations=10 (full 0):
 garbage-first heap   total 125952K, used 86448K [0x00000000a1c00000, 0x0000000100000000)
  region size 1024K, 40 young (40960K), 4 survivors (4096K)
 Metaspace       used 50541K, capacity 51227K, committed 51456K, reserved 1095680K
  class space    used 5847K, capacity 6110K, committed 6144K, reserved 1048576K
}
Event: 13.015 GC heap after
{Heap after GC invocations=11 (full 0):
 garbage-first heap   total 125952K, used 50794K [0x00000000a1c00000, 0x0000000100000000)
  region size 1024K, 3 young (3072K), 3 survivors (3072K)
 Metaspace       used 50541K, capacity 51227K, committed 51456K, reserved 1095680K
  class space    used 5847K, capacity 6110K, committed 6144K, reserved 1048576K
}
Event: 15.641 GC heap before
{Heap before GC invocations=11 (full 0):
 garbage-first heap   total 125952K, used 87658K [0x00000000a1c00000, 0x0000000100000000)
  region size 1024K, 39 young (39936K), 3 survivors (3072K)
 Metaspace       used 56978K, capacity 57809K, committed 57856K, reserved 1099776K
  class space    used 6557K, capacity 6865K, committed 6912K, reserved 1048576K
}
Event: 15.674 GC heap after
{Heap after GC invocations=12 (full 0):
 garbage-first heap   total 151552K, used 54971K [0x00000000a1c00000, 0x0000000100000000)
  region size 1024K, 5 young (5120K), 5 survivors (5120K)
 Metaspace       used 56978K, capacity 57809K, committed 57856K, reserved 1099776K
  class space    used 6557K, capacity 6865K, committed 6912K, reserved 1048576K
}
Event: 18.228 GC heap before
{Heap before GC invocations=12 (full 0):
 garbage-first heap   total 151552K, used 89787K [0x00000000a1c00000, 0x0000000100000000)
  region size 1024K, 40 young (40960K), 5 survivors (5120K)
 Metaspace       used 59237K, capacity 60020K, committed 60160K, reserved 1101824K
  class space    used 6718K, capacity 7048K, committed 7168K, reserved 1048576K
}
Event: 18.282 GC heap after
{Heap after GC invocations=13 (full 0):
 garbage-first heap   total 151552K, used 59551K [0x00000000a1c00000, 0x0000000100000000)
  region size 1024K, 5 young (5120K), 5 survivors (5120K)
 Metaspace       used 59237K, capacity 60020K, committed 60160K, reserved 1101824K
  class space    used 6718K, capacity 7048K, committed 7168K, reserved 1048576K
}

